#
# A fatal error has been detected by the Java Runtime Environment:
#
#  EXCEPTION_ACCESS_VIOLATION (0xc0000005) at pc=0x0000000067b0ff30, pid=4252, tid=0x0000000000001bcc
#
# JRE version: Java(TM) SE Runtime Environment (8.0_161-b12) (build 1.8.0_161-b12)
# Java VM: Java HotSpot(TM) 64-Bit Server VM (25.161-b12 mixed mode windows-amd64 compressed oops)
# Problematic frame:
# V  [jvm.dll+0xaff30]
#
# Failed to write core dump. Minidumps are not enabled by default on client versions of Windows
#
# If you would like to submit a bug report, please visit:
#   http://bugreport.java.com/bugreport/crash.jsp
#

---------------  T H R E A D  ---------------

Current thread (0x00000000020cf000):  GCTaskThread [stack: 0x0000000011e20000,0x0000000011f20000] [id=7116]

siginfo: ExceptionCode=0xc0000005, reading address 0x00000007a7bd2360

Registers:
RAX=0x0000000000000000, RBX=0x00000000ed0da4e0, RCX=0x00000000ed0da4e0, RDX=0x00000007a7bd2358
RSP=0x0000000011f1f468, RBP=0x0000000011579b01, RSI=0x0000000016ca53c0, RDI=0x0000000082f60018
R8 =0x0000000016ca53c0, R9 =0x0000000000000005, R10=0x0000000011970000, R11=0x0000000011562000
R12=0x0000000011579afb, R13=0x0000000000000030, R14=0x0000000000000000, R15=0x00000000020c6e70
RIP=0x0000000067b0ff30, EFLAGS=0x0000000000010202

Top of Stack: (sp=0x0000000011f1f468)
0x0000000011f1f468:   0000000067e615f2 0000000000000039
0x0000000011f1f478:   0000000000000003 0000000016ca53c0
0x0000000011f1f488:   00000000680b73b0 00000000f4f78000
0x0000000011f1f498:   0000000000001000 00000000680b7728
0x0000000011f1f4a8:   00000000033fe090 0000000000000000
0x0000000011f1f4b8:   0000000016ca5300 0000000011579afb
0x0000000011f1f4c8:   0000000067e61960 0000000082f5fce4
0x0000000011f1f4d8:   0000000011579b01 0000000016ca53c0
0x0000000011f1f4e8:   0000000082f60018 0000000082f5fce4
0x0000000011f1f4f8:   0000000067e62505 00000000ee13cde8
0x0000000011f1f508:   00007fff53e41118 00000000f002c5a8
0x0000000011f1f518:   0000000000000004 0000000016ca53c0
0x0000000011f1f528:   00007fff53e41118 0000000000000000
0x0000000011f1f538:   0000000000001000 0000000016ca53c0
0x0000000011f1f548:   0000000067b730f3 0000000082b53d89
0x0000000011f1f558:   0000000082b53d89 0000000082f5fce0 

Instructions: (pc=0x0000000067b0ff30)
0x0000000067b0ff10:   6c ba 1d 00 48 8b 9c 24 d0 00 00 00 48 81 c4 c0
0x0000000067b0ff20:   00 00 00 5d c3 cc cc cc cc cc cc cc cc cc cc cc
0x0000000067b0ff30:   44 8b 42 08 4c 8b ca 45 85 c0 7e 0e 41 f6 c0 01
0x0000000067b0ff40:   75 57 41 c1 f8 03 41 8b c0 c3 79 4d 80 3d 8e 05 


Register to memory mapping:

RAX=0x0000000000000000 is an unknown value
RBX=0x00000000ed0da4e0 is an oop

[error occurred during error reporting (printing register info), id 0xc0000005]

Stack: [0x0000000011e20000,0x0000000011f20000],  sp=0x0000000011f1f468,  free space=1021k
Native frames: (J=compiled Java code, j=interpreted, Vv=VM code, C=native code)
V  [jvm.dll+0xaff30]


---------------  P R O C E S S  ---------------

Java Threads: ( => current thread )
  0x00000000195a4800 JavaThread "pool-2-thread-1" [_thread_blocked, id=7524, stack(0x000000001b350000,0x000000001b450000)]
  0x0000000019cf8800 JavaThread "Abandoned connection cleanup thread" daemon [_thread_blocked, id=4824, stack(0x000000001ae50000,0x000000001af50000)]
  0x0000000018cd4800 JavaThread "Service Thread" daemon [_thread_blocked, id=4208, stack(0x0000000019080000,0x0000000019180000)]
  0x0000000016d12800 JavaThread "C1 CompilerThread2" daemon [_thread_blocked, id=3064, stack(0x0000000018b80000,0x0000000018c80000)]
  0x0000000016d11000 JavaThread "C2 CompilerThread1" daemon [_thread_blocked, id=4548, stack(0x0000000018a80000,0x0000000018b80000)]
  0x0000000016d0c000 JavaThread "C2 CompilerThread0" daemon [_thread_blocked, id=4224, stack(0x0000000018980000,0x0000000018a80000)]
  0x0000000016cfe800 JavaThread "JDWP Command Reader" daemon [_thread_in_native, id=5400, stack(0x0000000018880000,0x0000000018980000)]
  0x0000000016cfd000 JavaThread "JDWP Event Helper Thread" daemon [_thread_blocked, id=2656, stack(0x0000000018780000,0x0000000018880000)]
  0x0000000016cee000 JavaThread "JDWP Transport Listener: dt_socket" daemon [_thread_blocked, id=3768, stack(0x0000000018320000,0x0000000018420000)]
  0x0000000016ce3000 JavaThread "Attach Listener" daemon [_thread_blocked, id=4608, stack(0x0000000018220000,0x0000000018320000)]
  0x0000000016ce1800 JavaThread "Signal Dispatcher" daemon [_thread_blocked, id=96, stack(0x0000000018120000,0x0000000018220000)]
  0x00000000021ad800 JavaThread "Finalizer" daemon [_thread_blocked, id=5416, stack(0x0000000017f40000,0x0000000018040000)]
  0x00000000021a4000 JavaThread "Reference Handler" daemon [_thread_blocked, id=4644, stack(0x0000000017e40000,0x0000000017f40000)]
  0x00000000020b5800 JavaThread "main" [_thread_blocked, id=7048, stack(0x0000000001fb0000,0x00000000020b0000)]

Other Threads:
  0x0000000016ca8000 VMThread [stack: 0x0000000017d40000,0x0000000017e40000] [id=4256]
  0x0000000018cf9000 WatcherThread [stack: 0x0000000019180000,0x0000000019280000] [id=1528]

=>0x00000000020cf000 (exited) GCTaskThread [stack: 0x0000000011e20000,0x0000000011f20000] [id=7116]

VM state:at safepoint (normal execution)

VM Mutex/Monitor currently owned by a thread:  ([mutex/lock_event])
[0x00000000020b2980] Threads_lock - owner thread: 0x0000000016ca8000
[0x00000000020b2780] Heap_lock - owner thread: 0x00000000020b5800

Heap:
 PSYoungGen      total 411648K, used 399840K [0x00000000d5f00000, 0x00000000f7080000, 0x0000000100000000)
  eden space 378368K, 100% used [0x00000000d5f00000,0x00000000ed080000,0x00000000ed080000)
  from space 33280K, 64% used [0x00000000ed080000,0x00000000ee578000,0x00000000ef100000)
  to   space 34304K, 62% used [0x00000000f4f00000,0x00000000f63f8000,0x00000000f7080000)
 ParOldGen       total 97280K, used 42221K [0x0000000081c00000, 0x0000000087b00000, 0x00000000d5f00000)
  object space 97280K, 43% used [0x0000000081c00000,0x000000008453b4b8,0x0000000087b00000)
 Metaspace       used 34823K, capacity 35288K, committed 35672K, reserved 1081344K
  class space    used 4170K, capacity 4290K, committed 4352K, reserved 1048576K

Card table byte_map: [0x0000000011570000,0x0000000011970000] byte_map_base: 0x0000000011162000

Marking Bits: (ParMarkBitMap*) 0x000000006827f860
 Begin Bits: [0x0000000012020000, 0x0000000013fb0000)
 End Bits:   [0x0000000013fb0000, 0x0000000015f40000)

Polling page: 0x0000000000780000

CodeCache: size=245760Kb used=19728Kb max_used=19745Kb free=226031Kb
 bounds [0x00000000021b0000, 0x0000000003520000, 0x00000000111b0000]
 total_blobs=5799 nmethods=5300 adapters=418
 compilation: enabled

Compilation events (10 events):
Event: 21.518 Thread 0x0000000016d12800 6297       3       com.microsoft.sqlserver.jdbc.SQLServerStatement$1NextResult::onDone (185 bytes)
Event: 21.519 Thread 0x0000000016d12800 nmethod 6297 0x00000000034940d0 code [0x00000000034942e0, 0x0000000003495248]
Event: 21.524 Thread 0x0000000016d11000 6298       4       com.microsoft.sqlserver.jdbc.SQLServerStatement::<init> (683 bytes)
Event: 21.541 Thread 0x0000000016d11000 nmethod 6298 0x000000000348f3d0 code [0x000000000348f5e0, 0x00000000034905f8]
Event: 21.574 Thread 0x0000000016d12800 6299       3       com.microsoft.sqlserver.jdbc.TDSWriter::writePacket (160 bytes)
Event: 21.574 Thread 0x0000000016d12800 nmethod 6299 0x0000000003491790 code [0x0000000003491960, 0x00000000034922f8]
Event: 21.594 Thread 0x0000000016d12800 6300       3       com.microsoft.sqlserver.jdbc.SQLServerStatement$StmtExecCmd::<init> (58 bytes)
Event: 21.594 Thread 0x0000000016d12800 nmethod 6300 0x0000000003500c50 code [0x0000000003500e20, 0x0000000003501698]
Event: 21.595 Thread 0x0000000016d12800 6301       3       com.microsoft.sqlserver.jdbc.SQLServerConnection::createStatement (82 bytes)
Event: 21.595 Thread 0x0000000016d12800 nmethod 6301 0x00000000034ff250 code [0x00000000034ff4a0, 0x0000000003500568]

GC Heap History (10 events):
Event: 19.994 GC heap after
Heap after GC invocations=23 (full 2):
 PSYoungGen      total 240128K, used 16384K [0x00000000d5f00000, 0x00000000ea600000, 0x0000000100000000)
  eden space 223744K, 0% used [0x00000000d5f00000,0x00000000d5f00000,0x00000000e3980000)
  from space 16384K, 100% used [0x00000000e3980000,0x00000000e4980000,0x00000000e4980000)
  to   space 20992K, 0% used [0x00000000e9180000,0x00000000e9180000,0x00000000ea600000)
 ParOldGen       total 97280K, used 25541K [0x0000000081c00000, 0x0000000087b00000, 0x00000000d5f00000)
  object space 97280K, 26% used [0x0000000081c00000,0x00000000834f14b8,0x0000000087b00000)
 Metaspace       used 34822K, capacity 35288K, committed 35672K, reserved 1081344K
  class space    used 4170K, capacity 4290K, committed 4352K, reserved 1048576K
}
Event: 20.218 GC heap before
{Heap before GC invocations=24 (full 2):
 PSYoungGen      total 240128K, used 240128K [0x00000000d5f00000, 0x00000000ea600000, 0x0000000100000000)
  eden space 223744K, 100% used [0x00000000d5f00000,0x00000000e3980000,0x00000000e3980000)
  from space 16384K, 100% used [0x00000000e3980000,0x00000000e4980000,0x00000000e4980000)
  to   space 20992K, 0% used [0x00000000e9180000,0x00000000e9180000,0x00000000ea600000)
 ParOldGen       total 97280K, used 25541K [0x0000000081c00000, 0x0000000087b00000, 0x00000000d5f00000)
  object space 97280K, 26% used [0x0000000081c00000,0x00000000834f14b8,0x0000000087b00000)
 Metaspace       used 34823K, capacity 35288K, committed 35672K, reserved 1081344K
  class space    used 4170K, capacity 4290K, committed 4352K, reserved 1048576K
Event: 20.252 GC heap after
Heap after GC invocations=24 (full 2):
 PSYoungGen      total 304128K, used 20976K [0x00000000d5f00000, 0x00000000ec080000, 0x0000000100000000)
  eden space 283136K, 0% used [0x00000000d5f00000,0x00000000d5f00000,0x00000000e7380000)
  from space 20992K, 99% used [0x00000000e9180000,0x00000000ea5fc120,0x00000000ea600000)
  to   space 30720K, 0% used [0x00000000e7380000,0x00000000e7380000,0x00000000e9180000)
 ParOldGen       total 97280K, used 42221K [0x0000000081c00000, 0x0000000087b00000, 0x00000000d5f00000)
  object space 97280K, 43% used [0x0000000081c00000,0x000000008453b4b8,0x0000000087b00000)
 Metaspace       used 34823K, capacity 35288K, committed 35672K, reserved 1081344K
  class space    used 4170K, capacity 4290K, committed 4352K, reserved 1048576K
}
Event: 20.571 GC heap before
{Heap before GC invocations=25 (full 2):
 PSYoungGen      total 304128K, used 304112K [0x00000000d5f00000, 0x00000000ec080000, 0x0000000100000000)
  eden space 283136K, 100% used [0x00000000d5f00000,0x00000000e7380000,0x00000000e7380000)
  from space 20992K, 99% used [0x00000000e9180000,0x00000000ea5fc120,0x00000000ea600000)
  to   space 30720K, 0% used [0x00000000e7380000,0x00000000e7380000,0x00000000e9180000)
 ParOldGen       total 97280K, used 42221K [0x0000000081c00000, 0x0000000087b00000, 0x00000000d5f00000)
  object space 97280K, 43% used [0x0000000081c00000,0x000000008453b4b8,0x0000000087b00000)
 Metaspace       used 34823K, capacity 35288K, committed 35672K, reserved 1081344K
  class space    used 4170K, capacity 4290K, committed 4352K, reserved 1048576K
Event: 20.584 GC heap after
Heap after GC invocations=25 (full 2):
 PSYoungGen      total 313856K, used 21536K [0x00000000d5f00000, 0x00000000f1080000, 0x0000000100000000)
  eden space 283136K, 0% used [0x00000000d5f00000,0x00000000d5f00000,0x00000000e7380000)
  from space 30720K, 70% used [0x00000000e7380000,0x00000000e8888000,0x00000000e9180000)
  to   space 32256K, 0% used [0x00000000ef100000,0x00000000ef100000,0x00000000f1080000)
 ParOldGen       total 97280K, used 42221K [0x0000000081c00000, 0x0000000087b00000, 0x00000000d5f00000)
  object space 97280K, 43% used [0x0000000081c00000,0x000000008453b4b8,0x0000000087b00000)
 Metaspace       used 34823K, capacity 35288K, committed 35672K, reserved 1081344K
  class space    used 4170K, capacity 4290K, committed 4352K, reserved 1048576K
}
Event: 20.868 GC heap before
{Heap before GC invocations=26 (full 2):
 PSYoungGen      total 313856K, used 304672K [0x00000000d5f00000, 0x00000000f1080000, 0x0000000100000000)
  eden space 283136K, 100% used [0x00000000d5f00000,0x00000000e7380000,0x00000000e7380000)
  from space 30720K, 70% used [0x00000000e7380000,0x00000000e8888000,0x00000000e9180000)
  to   space 32256K, 0% used [0x00000000ef100000,0x00000000ef100000,0x00000000f1080000)
 ParOldGen       total 97280K, used 42221K [0x0000000081c00000, 0x0000000087b00000, 0x00000000d5f00000)
  object space 97280K, 43% used [0x0000000081c00000,0x000000008453b4b8,0x0000000087b00000)
 Metaspace       used 34823K, capacity 35288K, committed 35672K, reserved 1081344K
  class space    used 4170K, capacity 4290K, committed 4352K, reserved 1048576K
Event: 20.882 GC heap after
Heap after GC invocations=26 (full 2):
 PSYoungGen      total 410624K, used 21488K [0x00000000d5f00000, 0x00000000f1200000, 0x0000000100000000)
  eden space 378368K, 0% used [0x00000000d5f00000,0x00000000d5f00000,0x00000000ed080000)
  from space 32256K, 66% used [0x00000000ef100000,0x00000000f05fc120,0x00000000f1080000)
  to   space 33280K, 0% used [0x00000000ed080000,0x00000000ed080000,0x00000000ef100000)
 ParOldGen       total 97280K, used 42221K [0x0000000081c00000, 0x0000000087b00000, 0x00000000d5f00000)
  object space 97280K, 43% used [0x0000000081c00000,0x000000008453b4b8,0x0000000087b00000)
 Metaspace       used 34823K, capacity 35288K, committed 35672K, reserved 1081344K
  class space    used 4170K, capacity 4290K, committed 4352K, reserved 1048576K
}
Event: 21.271 GC heap before
{Heap before GC invocations=27 (full 2):
 PSYoungGen      total 410624K, used 399856K [0x00000000d5f00000, 0x00000000f1200000, 0x0000000100000000)
  eden space 378368K, 100% used [0x00000000d5f00000,0x00000000ed080000,0x00000000ed080000)
  from space 32256K, 66% used [0x00000000ef100000,0x00000000f05fc120,0x00000000f1080000)
  to   space 33280K, 0% used [0x00000000ed080000,0x00000000ed080000,0x00000000ef100000)
 ParOldGen       total 97280K, used 42221K [0x0000000081c00000, 0x0000000087b00000, 0x00000000d5f00000)
  object space 97280K, 43% used [0x0000000081c00000,0x000000008453b4b8,0x0000000087b00000)
 Metaspace       used 34823K, capacity 35288K, committed 35672K, reserved 1081344K
  class space    used 4170K, capacity 4290K, committed 4352K, reserved 1048576K
Event: 21.288 GC heap after
Heap after GC invocations=27 (full 2):
 PSYoungGen      total 411648K, used 21472K [0x00000000d5f00000, 0x00000000f7080000, 0x0000000100000000)
  eden space 378368K, 0% used [0x00000000d5f00000,0x00000000d5f00000,0x00000000ed080000)
  from space 33280K, 64% used [0x00000000ed080000,0x00000000ee578000,0x00000000ef100000)
  to   space 34304K, 0% used [0x00000000f4f00000,0x00000000f4f00000,0x00000000f7080000)
 ParOldGen       total 97280K, used 42221K [0x0000000081c00000, 0x0000000087b00000, 0x00000000d5f00000)
  object space 97280K, 43% used [0x0000000081c00000,0x000000008453b4b8,0x0000000087b00000)
 Metaspace       used 34823K, capacity 35288K, committed 35672K, reserved 1081344K
  class space    used 4170K, capacity 4290K, committed 4352K, reserved 1048576K
}
Event: 21.649 GC heap before
{Heap before GC invocations=28 (full 2):
 PSYoungGen      total 411648K, used 399840K [0x00000000d5f00000, 0x00000000f7080000, 0x0000000100000000)
  eden space 378368K, 100% used [0x00000000d5f00000,0x00000000ed080000,0x00000000ed080000)
  from space 33280K, 64% used [0x00000000ed080000,0x00000000ee578000,0x00000000ef100000)
  to   space 34304K, 0% used [0x00000000f4f00000,0x00000000f4f00000,0x00000000f7080000)
 ParOldGen       total 97280K, used 42221K [0x0000000081c00000, 0x0000000087b00000, 0x00000000d5f00000)
  object space 97280K, 43% used [0x0000000081c00000,0x000000008453b4b8,0x0000000087b00000)
 Metaspace       used 34823K, capacity 35288K, committed 35672K, reserved 1081344K
  class space    used 4170K, capacity 4290K, committed 4352K, reserved 1048576K

Deoptimization events (10 events):
Event: 19.334 Thread 0x00000000020b5800 Uncommon trap: reason=null_check action=make_not_entrant pc=0x0000000003263dc0 method=com.monitorjbl.xlsx.impl.StreamingRow.getCell(I)Lorg/apache/poi/ss/usermodel/Cell; @ 11
Event: 19.334 Thread 0x00000000020b5800 Uncommon trap: reason=class_check action=maybe_recompile pc=0x00000000026cc670 method=com.microsoft.sqlserver.jdbc.SQLServerStatement.<init>(Lcom/microsoft/sqlserver/jdbc/SQLServerConnection;II)V @ 71
Event: 19.336 Thread 0x00000000020b5800 Uncommon trap: reason=class_check action=maybe_recompile pc=0x00000000026cc670 method=com.microsoft.sqlserver.jdbc.SQLServerStatement.<init>(Lcom/microsoft/sqlserver/jdbc/SQLServerConnection;II)V @ 71
Event: 19.338 Thread 0x00000000020b5800 Uncommon trap: reason=unstable_if action=reinterpret pc=0x0000000002b53ce0 method=com.monitorjbl.xlsx.impl.StreamingSheetReader.splitCellRef(Ljava/lang/String;)[Ljava/lang/String; @ 30
Event: 19.343 Thread 0x00000000020b5800 Uncommon trap: reason=bimorphic action=maybe_recompile pc=0x00000000024bd3c0 method=com.monitorjbl.xlsx.impl.StreamingCell.getStringCellValue()Ljava/lang/String; @ 4
Event: 19.350 Thread 0x00000000020b5800 Uncommon trap: reason=bimorphic action=maybe_recompile pc=0x00000000024bd3c0 method=com.monitorjbl.xlsx.impl.StreamingCell.getStringCellValue()Ljava/lang/String; @ 4
Event: 19.356 Thread 0x00000000020b5800 Uncommon trap: reason=bimorphic action=maybe_recompile pc=0x00000000024bd3c0 method=com.monitorjbl.xlsx.impl.StreamingCell.getStringCellValue()Ljava/lang/String; @ 4
Event: 19.403 Thread 0x00000000020b5800 Uncommon trap: reason=unstable_if action=reinterpret pc=0x00000000028e2284 method=org.apache.xmlbeans.impl.store.CharUtil.getString(Ljava/lang/Object;II)Ljava/lang/String; @ 24
Event: 19.792 Thread 0x00000000020b5800 Uncommon trap: reason=unstable_if action=reinterpret pc=0x0000000003463210 method=com.monitorjbl.xlsx.impl.StreamingSheetReader.handleEvent(Ljavax/xml/stream/events/XMLEvent;)V @ 171
Event: 20.090 Thread 0x00000000020b5800 Uncommon trap: reason=unhandled action=none pc=0x0000000002857bd4 method=java.net.URLClassLoader.findClass(Ljava/lang/String;)Ljava/lang/Class; @ 44

Classes redefined (0 events):
No events

Internal exceptions (10 events):
Event: 8.234 Thread 0x00000000020b5800 Implicit null exception at 0x0000000003133edf to 0x0000000003134459
Event: 8.401 Thread 0x00000000020b5800 Exception <a 'java/lang/ClassCastException'> (0x00000000dac1cab0) thrown at [C:\re\workspace\8-2-build-windows-amd64-cygwin\jdk8u161\10277\hotspot\src\share\vm\runtime\sharedRuntime.cpp, line 605]
Event: 8.426 Thread 0x00000000020b5800 Implicit null exception at 0x00000000032011e4 to 0x00000000032016d9
Event: 8.426 Thread 0x00000000020b5800 Implicit null exception at 0x000000000320d94f to 0x000000000320d999
Event: 8.426 Thread 0x00000000020b5800 Implicit null exception at 0x000000000318b1f1 to 0x000000000318b479
Event: 8.426 Thread 0x00000000020b5800 Implicit null exception at 0x0000000002e9601f to 0x0000000002e96c01
Event: 18.796 Thread 0x00000000020b5800 Implicit null exception at 0x00000000031679e7 to 0x0000000003168d63
Event: 18.797 Thread 0x00000000020b5800 Implicit null exception at 0x0000000002efbf65 to 0x0000000002efd069
Event: 19.149 Thread 0x00000000020b5800 Implicit null exception at 0x000000000232f61a to 0x000000000232fc7a
Event: 19.216 Thread 0x00000000020b5800 Exception <a 'java/lang/ClassCastException'> (0x00000000e04d9638) thrown at [C:\re\workspace\8-2-build-windows-amd64-cygwin\jdk8u161\10277\hotspot\src\share\vm\runtime\sharedRuntime.cpp, line 605]

Events (10 events):
Event: 20.259 Thread 0x00000000020b5800 DEOPT UNPACKING pc=0x00000000021f7890 sp=0x00000000020aed98 mode 1
Event: 20.571 Executing VM operation: ParallelGCFailedAllocation
Event: 20.584 Executing VM operation: ParallelGCFailedAllocation done
Event: 20.868 Executing VM operation: ParallelGCFailedAllocation
Event: 20.882 Executing VM operation: ParallelGCFailedAllocation done
Event: 21.271 Executing VM operation: ParallelGCFailedAllocation
Event: 21.288 Executing VM operation: ParallelGCFailedAllocation done
Event: 21.438 Thread 0x00000000020b5800 DEOPT PACKING pc=0x00000000034c9ecd sp=0x00000000020aed80
Event: 21.438 Thread 0x00000000020b5800 DEOPT UNPACKING pc=0x00000000021f7890 sp=0x00000000020aedd0 mode 0
Event: 21.649 Executing VM operation: ParallelGCFailedAllocation


Dynamic libraries:
0x00007ff748fd0000 - 0x00007ff749007000 	C:\Program Files\Java\jre1.8.0_161\bin\javaw.exe
0x00007fff56920000 - 0x00007fff56acd000 	C:\Windows\SYSTEM32\ntdll.dll
0x00007fff56460000 - 0x00007fff5659f000 	C:\Windows\system32\KERNEL32.DLL
0x00007fff53e40000 - 0x00007fff53f55000 	C:\Windows\system32\KERNELBASE.dll
0x00007fff521a0000 - 0x00007fff5222e000 	C:\Windows\system32\apphelp.dll
0x00007fff2f9c0000 - 0x00007fff2fa14000 	C:\Windows\AppPatch\AppPatch64\AcGenral.DLL
0x00007fff54150000 - 0x00007fff541fa000 	C:\Windows\system32\msvcrt.dll
0x00007fff53bd0000 - 0x00007fff53bfe000 	C:\Windows\system32\SspiCli.dll
0x00007fff568b0000 - 0x00007fff56904000 	C:\Windows\system32\SHLWAPI.dll
0x00007fff54470000 - 0x00007fff545e7000 	C:\Windows\system32\USER32.dll
0x00007fff53fb0000 - 0x00007fff54144000 	C:\Windows\system32\ole32.dll
0x00007fff546b0000 - 0x00007fff55bdb000 	C:\Windows\system32\SHELL32.dll
0x00007fff53010000 - 0x00007fff53031000 	C:\Windows\SYSTEM32\USERENV.dll
0x00007fff54200000 - 0x00007fff542aa000 	C:\Windows\system32\ADVAPI32.dll
0x00007fff4c650000 - 0x00007fff4c66e000 	C:\Windows\SYSTEM32\MPR.dll
0x00007fff56050000 - 0x00007fff56190000 	C:\Windows\system32\RPCRT4.dll
0x00007fff55f50000 - 0x00007fff55fa9000 	C:\Windows\SYSTEM32\sechost.dll
0x00007fff55d40000 - 0x00007fff55f50000 	C:\Windows\SYSTEM32\combase.dll
0x00007fff562f0000 - 0x00007fff5643c000 	C:\Windows\system32\GDI32.dll
0x00007fff53a50000 - 0x00007fff53a65000 	C:\Windows\SYSTEM32\profapi.dll
0x00007fff51bf0000 - 0x00007fff51ca2000 	C:\Windows\SYSTEM32\SHCORE.dll
0x00007fff56250000 - 0x00007fff56286000 	C:\Windows\system32\IMM32.DLL
0x00007fff55be0000 - 0x00007fff55d31000 	C:\Windows\system32\MSCTF.dll
0x00007fff515f0000 - 0x00007fff5186b000 	C:\Windows\WinSxS\amd64_microsoft.windows.common-controls_6595b64144ccf1df_6.0.9600.19371_none_6246a93becb7b63e\COMCTL32.dll
0x0000000067890000 - 0x0000000067962000 	C:\Program Files\Java\jre1.8.0_161\bin\msvcr100.dll
0x0000000067a60000 - 0x00000000682ff000 	C:\Program Files\Java\jre1.8.0_161\bin\server\jvm.dll
0x00007fff4a690000 - 0x00007fff4a699000 	C:\Windows\SYSTEM32\WSOCK32.dll
0x00007fff4b7d0000 - 0x00007fff4b7f2000 	C:\Windows\SYSTEM32\WINMM.dll
0x00007fff4df60000 - 0x00007fff4df6a000 	C:\Windows\SYSTEM32\VERSION.dll
0x00007fff56030000 - 0x00007fff56037000 	C:\Windows\system32\PSAPI.DLL
0x00007fff56290000 - 0x00007fff562ea000 	C:\Windows\system32\WS2_32.dll
0x00007fff4b6d0000 - 0x00007fff4b6fa000 	C:\Windows\SYSTEM32\WINMMBASE.dll
0x00007fff56040000 - 0x00007fff56049000 	C:\Windows\system32\NSI.dll
0x00007fff53f60000 - 0x00007fff53faf000 	C:\Windows\SYSTEM32\cfgmgr32.dll
0x00007fff52870000 - 0x00007fff52898000 	C:\Windows\SYSTEM32\DEVOBJ.dll
0x0000000067a50000 - 0x0000000067a5f000 	C:\Program Files\Java\jre1.8.0_161\bin\verify.dll
0x0000000067a20000 - 0x0000000067a49000 	C:\Program Files\Java\jre1.8.0_161\bin\java.dll
0x0000000067630000 - 0x0000000067665000 	C:\Program Files\Java\jre1.8.0_161\bin\jdwp.dll
0x0000000068330000 - 0x0000000068338000 	C:\Program Files\Java\jre1.8.0_161\bin\npt.dll
0x0000000067a00000 - 0x0000000067a16000 	C:\Program Files\Java\jre1.8.0_161\bin\zip.dll
0x0000000068320000 - 0x0000000068329000 	C:\Program Files\Java\jre1.8.0_161\bin\dt_socket.dll
0x00007fff4b420000 - 0x00007fff4b435000 	C:\Windows\system32\napinsp.dll
0x00007fff4b400000 - 0x00007fff4b41a000 	C:\Windows\system32\pnrpnsp.dll
0x00007fff51ba0000 - 0x00007fff51bbb000 	C:\Windows\system32\NLAapi.dll
0x00007fff53280000 - 0x00007fff532d9000 	C:\Windows\System32\mswsock.dll
0x00007fff53080000 - 0x00007fff53124000 	C:\Windows\SYSTEM32\DNSAPI.dll
0x00007fff4b3f0000 - 0x00007fff4b3fd000 	C:\Windows\System32\winrnr.dll
0x0000000069d90000 - 0x0000000069db6000 	C:\Program Files\Bonjour\mdnsNSP.dll
0x00007fff4ec80000 - 0x00007fff4ecaa000 	C:\Windows\SYSTEM32\Iphlpapi.DLL
0x00007fff4ec60000 - 0x00007fff4ec6a000 	C:\Windows\SYSTEM32\WINNSI.DLL
0x00007fff4dfb0000 - 0x00007fff4e01b000 	C:\Windows\System32\fwpuclnt.dll
0x00007fff4aee0000 - 0x00007fff4aeea000 	C:\Windows\System32\rasadhlp.dll
0x00007fff532e0000 - 0x00007fff53300000 	C:\Windows\SYSTEM32\CRYPTSP.dll
0x00007fff52f00000 - 0x00007fff52f36000 	C:\Windows\system32\rsaenh.dll
0x00007fff53530000 - 0x00007fff53556000 	C:\Windows\SYSTEM32\bcrypt.dll
0x00007fff538b0000 - 0x00007fff53913000 	C:\Windows\system32\bcryptprimitives.dll
0x00007fff53920000 - 0x00007fff5392b000 	C:\Windows\SYSTEM32\CRYPTBASE.dll
0x00000000679e0000 - 0x00000000679fa000 	C:\Program Files\Java\jre1.8.0_161\bin\net.dll
0x00007fff4ea70000 - 0x00007fff4ea86000 	C:\Windows\SYSTEM32\dhcpcsvc6.DLL
0x00007fff4ea50000 - 0x00007fff4ea6a000 	C:\Windows\SYSTEM32\dhcpcsvc.DLL
0x00000000679c0000 - 0x00000000679d1000 	C:\Program Files\Java\jre1.8.0_161\bin\nio.dll
0x0000000067990000 - 0x00000000679b4000 	C:\Program Files\Java\jre1.8.0_161\bin\sunec.dll
0x0000000068300000 - 0x000000006830b000 	C:\Program Files\Java\jre1.8.0_161\bin\sunmscapi.dll
0x00007fff53c00000 - 0x00007fff53ddf000 	C:\Windows\system32\CRYPT32.dll
0x00007fff53b00000 - 0x00007fff53b11000 	C:\Windows\system32\MSASN1.dll
0x0000000067970000 - 0x0000000067987000 	D:\NIATestAutomation\NIA\sqljdbc_auth.dll
0x00007fff4aef0000 - 0x00007fff4aefc000 	C:\Windows\system32\secur32.dll
0x00007fff53300000 - 0x00007fff533f2000 	C:\Windows\system32\kerberos.DLL
0x00007fff53400000 - 0x00007fff5341a000 	C:\Windows\SYSTEM32\cryptdll.dll
0x00007fff53210000 - 0x00007fff5327e000 	C:\Windows\system32\msv1_0.DLL
0x00007fff51ad0000 - 0x00007fff51af9000 	C:\Windows\system32\ntdsapi.dll
0x00007fff4af00000 - 0x00007fff4b089000 	C:\Windows\SYSTEM32\dbghelp.dll

VM Arguments:
jvm_args: -agentlib:jdwp=transport=dt_socket,suspend=y,address=localhost:49164 -Dfile.encoding=UTF-8 
java_command: com.aqm.NIA.TestLauncher
java_class_path (initial): C:\Program Files\Java\jre1.8.0_161\lib\resources.jar;C:\Program Files\Java\jre1.8.0_161\lib\rt.jar;C:\Program Files\Java\jre1.8.0_161\lib\jsse.jar;C:\Program Files\Java\jre1.8.0_161\lib\jce.jar;C:\Program Files\Java\jre1.8.0_161\lib\charsets.jar;C:\Program Files\Java\jre1.8.0_161\lib\jfr.jar;C:\Program Files\Java\jre1.8.0_161\lib\ext\access-bridge-64.jar;C:\Program Files\Java\jre1.8.0_161\lib\ext\cldrdata.jar;C:\Program Files\Java\jre1.8.0_161\lib\ext\dnsns.jar;C:\Program Files\Java\jre1.8.0_161\lib\ext\jaccess.jar;C:\Program Files\Java\jre1.8.0_161\lib\ext\jfxrt.jar;C:\Program Files\Java\jre1.8.0_161\lib\ext\localedata.jar;C:\Program Files\Java\jre1.8.0_161\lib\ext\nashorn.jar;C:\Program Files\Java\jre1.8.0_161\lib\ext\sunec.jar;C:\Program Files\Java\jre1.8.0_161\lib\ext\sunjce_provider.jar;C:\Program Files\Java\jre1.8.0_161\lib\ext\sunmscapi.jar;C:\Program Files\Java\jre1.8.0_161\lib\ext\sunpkcs11.jar;C:\Program Files\Java\jre1.8.0_161\lib\ext\zipfs.jar;D:\NIATestAutomation\NIA\target\classes;D:\maven dependencies\com\aqm\AutomationFramework\1.2\AutomationFramework-1.2.jar;D:\maven dependencies\junit\junit\4.12\junit-4.12.jar;D:\maven dependencies\org\hamcrest\hamcrest-core\1.3\hamcrest-core-1.3.jar;D:\maven dependencies\org\testng\testng\6.1.1\testng-6.1.1.jar;D:\maven dependencies\org\beanshell\bsh\2.0b4\bsh-2.0b4.jar;D:\maven dependencies\com\beust\jcommander\1.12\jcommander-1.12.jar;D:\maven dependencies\org\yaml\snakeyaml\1.6\snakeyaml-1.6.jar;D:\maven dependencies\commons-io\commons-io\2.6\commons-io-2.6.jar;D:\maven dependencies\org\apache\commons\commons-lang3\3.9\commons-lang3-3.9.jar;D:\maven dependencies\org\seleniumhq\selenium\selenium-java\3.141.59\selenium-java-3.141.59.jar;D:\maven dependencies\org\seleniumhq\selenium\selenium-api\3.141.59\selenium-api-3.141.59.jar;D:\maven dependencies\org\seleniumhq\selenium\selenium-chrome-driver\3.141.59\selenium-chrome-driver-3.141.59.jar;D:\maven dependencies\org\seleniumhq\seleniu
Launcher Type: SUN_STANDARD

Environment Variables:
JAVA_HOME=C:\Program Files\Java\jdk1.8.0_121
PATH=C:/Program Files/Java/jre1.8.0_161/bin/server;C:/Program Files/Java/jre1.8.0_161/bin;C:/Program Files/Java/jre1.8.0_161/lib/amd64;C:\ProgramData\Oracle\Java\javapath;C:\Windows\system32;C:\Windows;C:\Windows\System32\Wbem;C:\Windows\System32\WindowsPowerShell\v1.0\;C:\Program Files (x86)\Skype\Phone\;C:\Program Files\Java\jdk1.8.0_121\bin;C:\Program Files\TortoiseHg\;C:\Program Files\nodejs\;C:\apache-maven-3.5.0\bin;C:\Program Files\nodejs;C:\Program Files\Android\android-sdk-windows\tools;C:\Program Files\Android\android-sdk-windows\platform-tools;C:\Program Files\Android\android-sdk-windows\build-tools\23.0.3;D:\Users\Temp\AppData\Roaming\npm\node_modules\appium\bin;D:\Users\Temp\AppData\Roaming\npm;C:\Program Files (x86)\Microsoft SQL Server\110\Tools\Binn\;C:\Program Files\Microsoft SQL Server\110\Tools\Binn\;C:\Program Files\Microsoft SQL Server\110\DTS\Binn\;C:\Program Files (x86)\Microsoft SQL Server\110\Tools\Binn\ManagementStudio\;C:\Program Files (x86)\Microsoft Visual Studio 10.0\Common7\IDE\PrivateAssemblies\;C:\Program Files (x86)\Microsoft SQL Server\110\DTS\Binn\;D:\Users\Temp\AppData\Roaming\npm;D:\Users\Temp\AppData\Local\atom\bin;D:\Users\Temp\AppData\Local\GitHubDesktop\bin;D:\Dhwani\Git\cmd;D:\eclipse;
USERNAME=Temp
OS=Windows_NT
PROCESSOR_IDENTIFIER=Intel64 Family 6 Model 60 Stepping 3, GenuineIntel



---------------  S Y S T E M  ---------------

OS: Windows 8.1 , 64 bit Build 9600 (6.3.9600.19358)

CPU:total 4 (initial active 4) (4 cores per cpu, 1 threads per core) family 6 model 60 stepping 3, cmov, cx8, fxsr, mmx, sse, sse2, sse3, ssse3, sse4.1, sse4.2, popcnt, avx, avx2, aes, clmul, erms, lzcnt, tsc, tscinvbit, bmi1, bmi2

Memory: 4k page, physical 8273780k(2440688k free), swap 9584500k(2750328k free)

vm_info: Java HotSpot(TM) 64-Bit Server VM (25.161-b12) for windows-amd64 JRE (1.8.0_161-b12), built on Dec 19 2017 17:52:25 by "java_re" with MS VC++ 10.0 (VS2010)

time: Tue Jul 09 17:02:01 2019
elapsed time: 21 seconds (0d 0h 0m 21s)

