#
# A fatal error has been detected by the Java Runtime Environment:
#
#  EXCEPTION_ACCESS_VIOLATION (0xc0000005) at pc=0x00000000021ab000, pid=3972, tid=0x0000000000001804
#
# JRE version: Java(TM) SE Runtime Environment (8.0_161-b12) (build 1.8.0_161-b12)
# Java VM: Java HotSpot(TM) 64-Bit Server VM (25.161-b12 mixed mode windows-amd64 compressed oops)
# Problematic frame:
# C  0x00000000021ab000
#
# Failed to write core dump. Minidumps are not enabled by default on client versions of Windows
#
# If you would like to submit a bug report, please visit:
#   http://bugreport.java.com/bugreport/crash.jsp
#

---------------  T H R E A D  ---------------

Current thread (0x0000000002177800):  GCTaskThread [stack: 0x0000000011cd0000,0x0000000011dd0000] [id=6148]

siginfo: ExceptionCode=0xc0000005, ExceptionInformation=0x0000000000000008 0x00000000021ab000

Registers:
RAX=0x00000000163f0088, RBX=0x00000000d6bb39a0, RCX=0x0000000100040a78, RDX=0x0000000016d54fc0
RSP=0x0000000011dcf178, RBP=0x00000000000001e5, RSI=0x0000000016d54fc0, RDI=0x00000000d6d901c0
R8 =0x00000000d6d901c0, R9 =0x0000000100040a78, R10=0x000000002000814f, R11=0x00000000d6d901c0
R12=0x000000000000000f, R13=0x0000000000000005, R14=0x0000000061a30b00, R15=0x0000000011dcfa50
RIP=0x00000000021ab000, EFLAGS=0x0000000000010207

Top of Stack: (sp=0x0000000011dcf178)
0x0000000011dcf178:   0000000061691871 000000000000000d
0x0000000011dcf188:   0000000000000003 0000000016d54fc0
0x0000000011dcf198:   000000006132eb63 0000000061883978
0x0000000011dcf1a8:   0000000011dcf259 0000000000000000
0x0000000011dcf1b8:   0000000019285000 0000000061a30b10
0x0000000011dcf1c8:   0000000000001d41 000000000000000f
0x0000000011dcf1d8:   0000000061694306 000000001a2aed18
0x0000000011dcf1e8:   0000000011dcf268 000000000000000e
0x0000000011dcf1f8:   0000000000001d41 0000000002178250
0x0000000011dcf208:   000000006133df64 0000000002178250
0x0000000011dcf218:   000000000000000e 00000000000000c1
0x0000000011dcf228:   0000000002000000 000000001b2cb550
0x0000000011dcf238:   000000006137cf0b 0000000002178240
0x0000000011dcf248:   0000000f00000010 1d81000000000010
0x0000000011dcf258:   000000000293ffff 0000000002177f30
0x0000000011dcf268:   0000000002177f40 0000000011dcfa68 

Instructions: (pc=0x00000000021ab000)
0x00000000021aafe0:   15 00 ff ff 75 cb e9 2b 28 4c 6a 61 76 61 2f 6c
0x00000000021aaff0:   61 6e 67 2f 4f 62 6a 65 63 74 3b 29 49 00 00 00
0x00000000021ab000:   15 00 ff ff d9 84 2c 02 28 4c 6a 61 76 61 2f 6c
0x00000000021ab010:   61 6e 67 2f 4f 62 6a 65 63 74 3b 29 5a 00 00 00 


Register to memory mapping:

RAX=0x00000000163f0088 is pointing into metadata
RBX=0x00000000d6bb39a0 is an oop

[error occurred during error reporting (printing register info), id 0xc0000005]

Stack: [0x0000000011cd0000,0x0000000011dd0000],  sp=0x0000000011dcf178,  free space=1020k
Native frames: (J=compiled Java code, j=interpreted, Vv=VM code, C=native code)
C  0x00000000021ab000

JavaThread 0x0000000019285000 (nid = 3252) was being processed
Java frames: (J=compiled Java code, j=interpreted, Vv=VM code)
v  ~RuntimeStub::_new_array_Java
J 4470 C2 org.apache.http.client.utils.URLEncodedUtils.urlDecode(Ljava/lang/String;Ljava/nio/charset/Charset;Z)Ljava/lang/String; (183 bytes) @ 0x0000000002936704 [0x0000000002935520+0x11e4]
J 5136 C2 org.apache.http.impl.execchain.ProtocolExec.execute(Lorg/apache/http/conn/routing/HttpRoute;Lorg/apache/http/client/methods/HttpRequestWrapper;Lorg/apache/http/client/protocol/HttpClientContext;Lorg/apache/http/client/methods/HttpExecutionAware;)Lorg/apache/http/client/methods/CloseableHttpResponse; (514 bytes) @ 0x00000000031d8b10 [0x00000000031d7ca0+0xe70]
J 5002 C2 org.apache.http.impl.execchain.RetryExec.execute(Lorg/apache/http/conn/routing/HttpRoute;Lorg/apache/http/client/methods/HttpRequestWrapper;Lorg/apache/http/client/protocol/HttpClientContext;Lorg/apache/http/client/methods/HttpExecutionAware;)Lorg/apache/http/client/methods/CloseableHttpResponse; (333 bytes) @ 0x0000000002e7a3f8 [0x0000000002e7a240+0x1b8]
J 5001 C2 org.apache.http.impl.execchain.RedirectExec.execute(Lorg/apache/http/conn/routing/HttpRoute;Lorg/apache/http/client/methods/HttpRequestWrapper;Lorg/apache/http/client/protocol/HttpClientContext;Lorg/apache/http/client/methods/HttpExecutionAware;)Lorg/apache/http/client/methods/CloseableHttpResponse; (559 bytes) @ 0x0000000002780370 [0x000000000277fc60+0x710]
J 5257 C2 org.apache.http.impl.client.InternalHttpClient.doExecute(Lorg/apache/http/HttpHost;Lorg/apache/http/HttpRequest;Lorg/apache/http/protocol/HttpContext;)Lorg/apache/http/client/methods/CloseableHttpResponse; (186 bytes) @ 0x0000000002d3f954 [0x0000000002d3d8c0+0x2094]
J 3832 C1 org.openqa.grid.internal.utils.SelfRegisteringRemote.isAlreadyRegistered(Lorg/openqa/grid/common/RegistrationRequest;)Z (300 bytes) @ 0x0000000002f4cfb4 [0x0000000002f4ada0+0x2214]
J 3990 C1 org.openqa.grid.internal.utils.SelfRegisteringRemote.registerToHub(Z)V (317 bytes) @ 0x0000000002fa352c [0x0000000002fa3460+0xcc]
J 3827 C1 org.openqa.grid.internal.utils.SelfRegisteringRemote.access$1(Lorg/openqa/grid/internal/utils/SelfRegisteringRemote;Z)V (6 bytes) @ 0x000000000241f25c [0x000000000241f200+0x5c]
j  org.openqa.grid.internal.utils.SelfRegisteringRemote$1.run()V+47
j  java.lang.Thread.run()V+11
v  ~StubRoutines::call_stub

---------------  P R O C E S S  ---------------

Java Threads: ( => current thread )
  0x0000000016db2000 JavaThread "Exec Stream Pumper" daemon [_thread_in_native, id=5788, stack(0x000000001dab0000,0x000000001dbb0000)]
  0x0000000016db0800 JavaThread "Exec Stream Pumper" daemon [_thread_in_native, id=7444, stack(0x000000001d9b0000,0x000000001dab0000)]
  0x0000000016daf800 JavaThread "Exec Default Executor" daemon [_thread_in_native, id=5192, stack(0x000000001d8b0000,0x000000001d9b0000)]
  0x0000000016db2800 JavaThread "Session d9176b25-5c21-49ea-ab10-619765912a61 awaiting client" [_thread_blocked, id=6004, stack(0x000000001c320000,0x000000001c420000)]
  0x0000000018fe8000 JavaThread "Session 28c1a006-74c2-4471-8205-bce30111a5e2 awaiting client" [_thread_blocked, id=6452, stack(0x000000001be30000,0x000000001bf30000)]
  0x0000000018fe6800 JavaThread "Session 4de16765-9fbf-4eea-b2e7-f6f277cd6674 awaiting client" [_thread_blocked, id=5724, stack(0x000000001bc30000,0x000000001bd30000)]
  0x0000000018fe9800 JavaThread "Session 856287b7-f781-47d7-a5a8-f5f8c7fa8adf awaiting client" [_thread_blocked, id=5548, stack(0x000000001bb30000,0x000000001bc30000)]
  0x0000000018fe5800 JavaThread "Session 5d5b5ce4-e094-47a1-804b-c23c7c1889e6 awaiting client" [_thread_blocked, id=7572, stack(0x000000001a3b0000,0x000000001a4b0000)]
  0x0000000018fe5000 JavaThread "Session a0ae5070-92ee-4085-81c6-9566f3786460 awaiting client" [_thread_blocked, id=5932, stack(0x000000001a2b0000,0x000000001a3b0000)]
  0x0000000018fe7000 JavaThread "Session 37784927-75bc-4214-8b25-3a141d2b8c48 awaiting client" [_thread_blocked, id=5848, stack(0x000000001ba30000,0x000000001bb30000)]
  0x0000000018fe2800 JavaThread "Session c0ef27c2-68b8-4f9d-b64c-f1dc74539511 awaiting client" [_thread_blocked, id=6552, stack(0x000000001b930000,0x000000001ba30000)]
  0x0000000018fe3800 JavaThread "AWT-Windows" daemon [_thread_in_native, id=5420, stack(0x000000001c420000,0x000000001c520000)]
  0x0000000018fe4000 JavaThread "Java2D Disposer" daemon [_thread_blocked, id=6212, stack(0x000000001c220000,0x000000001c320000)]
  0x000000000215e000 JavaThread "DestroyJavaVM" [_thread_blocked, id=6688, stack(0x0000000002010000,0x0000000002110000)]
  0x0000000019285000 JavaThread "Thread-7" [_thread_blocked, id=3252, stack(0x000000001a1b0000,0x000000001a2b0000)]
  0x00000000190e6800 JavaThread "SocketListener0-1" [_thread_blocked, id=6308, stack(0x0000000019eb0000,0x0000000019fb0000)]
  0x00000000190e6000 JavaThread "SocketListener0-0" [_thread_in_native, id=5200, stack(0x0000000019db0000,0x0000000019eb0000)]
  0x00000000190e5000 JavaThread "Acceptor ServerSocket[addr=0.0.0.0/0.0.0.0,localport=5555]" [_thread_in_native, id=5948, stack(0x0000000019cb0000,0x0000000019db0000)]
  0x00000000191cd000 JavaThread "SessionScavenger" daemon [_thread_blocked, id=5520, stack(0x0000000019bb0000,0x0000000019cb0000)]
  0x00000000190aa800 JavaThread "Timer-0" daemon [_thread_blocked, id=5500, stack(0x0000000019ab0000,0x0000000019bb0000)]
  0x0000000016dee000 JavaThread "Service Thread" daemon [_thread_blocked, id=6624, stack(0x0000000018ad0000,0x0000000018bd0000)]
  0x0000000016d9d800 JavaThread "C1 CompilerThread2" daemon [_thread_blocked, id=6620, stack(0x00000000185d0000,0x00000000186d0000)]
  0x0000000016d95800 JavaThread "C2 CompilerThread1" daemon [_thread_blocked, id=6636, stack(0x00000000184d0000,0x00000000185d0000)]
  0x0000000016d8f800 JavaThread "C2 CompilerThread0" daemon [_thread_blocked, id=6640, stack(0x00000000183d0000,0x00000000184d0000)]
  0x0000000016d8e000 JavaThread "Attach Listener" daemon [_thread_blocked, id=4756, stack(0x00000000182d0000,0x00000000183d0000)]
  0x0000000016d8b000 JavaThread "Signal Dispatcher" daemon [_thread_blocked, id=6456, stack(0x00000000181d0000,0x00000000182d0000)]
  0x000000000225b000 JavaThread "Finalizer" daemon [_thread_blocked, id=708, stack(0x0000000017ff0000,0x00000000180f0000)]
  0x0000000002250000 JavaThread "Reference Handler" daemon [_thread_blocked, id=6664, stack(0x0000000017ef0000,0x0000000017ff0000)]

Other Threads:
  0x0000000016d57800 VMThread [stack: 0x0000000017df0000,0x0000000017ef0000] [id=6680]
  0x0000000018713000 WatcherThread [stack: 0x0000000018bd0000,0x0000000018cd0000] [id=6304]

=>0x0000000002177800 (exited) GCTaskThread [stack: 0x0000000011cd0000,0x0000000011dd0000] [id=6148]

VM state:at safepoint (normal execution)

VM Mutex/Monitor currently owned by a thread:  ([mutex/lock_event])
[0x000000000215d6c0] Threads_lock - owner thread: 0x0000000016d57800
[0x000000000215cdc0] Heap_lock - owner thread: 0x0000000019285000

Heap:
 PSYoungGen      total 14848K, used 14592K [0x00000000d5f00000, 0x00000000d6e80000, 0x0000000100000000)
  eden space 14336K, 100% used [0x00000000d5f00000,0x00000000d6d00000,0x00000000d6d00000)
  from space 512K, 50% used [0x00000000d6e00000,0x00000000d6e40000,0x00000000d6e80000)
  to   space 512K, 50% used [0x00000000d6d80000,0x00000000d6dc0000,0x00000000d6e00000)
 ParOldGen       total 53760K, used 15936K [0x0000000081c00000, 0x0000000085080000, 0x00000000d5f00000)
  object space 53760K, 29% used [0x0000000081c00000,0x0000000082b90158,0x0000000085080000)
 Metaspace       used 22092K, capacity 22538K, committed 22704K, reserved 1069056K
  class space    used 2540K, capacity 2689K, committed 2816K, reserved 1048576K

Card table byte_map: [0x0000000011620000,0x0000000011a20000] byte_map_base: 0x0000000011212000

Marking Bits: (ParMarkBitMap*) 0x0000000061aaf860
 Begin Bits: [0x00000000120d0000, 0x0000000014060000)
 End Bits:   [0x0000000014060000, 0x0000000015ff0000)

Polling page: 0x0000000001e80000

CodeCache: size=245760Kb used=15238Kb max_used=15748Kb free=230521Kb
 bounds [0x0000000002260000, 0x0000000003210000, 0x0000000011260000]
 total_blobs=4759 nmethods=4271 adapters=399
 compilation: enabled

Compilation events (10 events):
Event: 19252.949 Thread 0x0000000016d9d800 5513       3       org.openqa.selenium.remote.RemoteWebElement::findElements (6 bytes)
Event: 19252.949 Thread 0x0000000016d9d800 nmethod 5513 0x0000000002ce79d0 code [0x0000000002ce7b40, 0x0000000002ce7d68]
Event: 19372.977 Thread 0x0000000016d9d800 5515       3       java.math.MutableBigInteger::<init> (21 bytes)
Event: 19372.978 Thread 0x0000000016d9d800 nmethod 5515 0x0000000002d65bd0 code [0x0000000002d65d40, 0x0000000002d65f10]
Event: 19379.243 Thread 0x0000000016d9d800 5516       3       org.openqa.selenium.support.events.EventFiringWebDriver$EventFiringTargetLocator::alert (10 bytes)
Event: 19379.244 Thread 0x0000000016d9d800 nmethod 5516 0x0000000002ce7590 code [0x0000000002ce7700, 0x0000000002ce7928]
Event: 19379.244 Thread 0x0000000016d9d800 5517       3       org.openqa.selenium.remote.RemoteWebDriver$RemoteTargetLocator::alert (22 bytes)
Event: 19379.245 Thread 0x0000000016d9d800 nmethod 5517 0x0000000002ce6d10 code [0x0000000002ce6ea0, 0x0000000002ce73a8]
Event: 19472.283 Thread 0x0000000016d9d800 5518   !   3       sun.awt.AppContext::get (123 bytes)
Event: 19472.285 Thread 0x0000000016d9d800 nmethod 5518 0x0000000002ce5e50 code [0x0000000002ce6000, 0x0000000002ce68c8]

GC Heap History (10 events):
Event: 19291.716 GC heap after
Heap after GC invocations=203 (full 7):
 PSYoungGen      total 14848K, used 288K [0x00000000d5f00000, 0x00000000d6e80000, 0x0000000100000000)
  eden space 14336K, 0% used [0x00000000d5f00000,0x00000000d5f00000,0x00000000d6d00000)
  from space 512K, 56% used [0x00000000d6e00000,0x00000000d6e48000,0x00000000d6e80000)
  to   space 512K, 0% used [0x00000000d6d80000,0x00000000d6d80000,0x00000000d6e00000)
 ParOldGen       total 53760K, used 15312K [0x0000000081c00000, 0x0000000085080000, 0x00000000d5f00000)
  object space 53760K, 28% used [0x0000000081c00000,0x0000000082af4138,0x0000000085080000)
 Metaspace       used 22089K, capacity 22538K, committed 22704K, reserved 1069056K
  class space    used 2540K, capacity 2689K, committed 2816K, reserved 1048576K
}
Event: 19352.865 GC heap before
{Heap before GC invocations=204 (full 7):
 PSYoungGen      total 14848K, used 14619K [0x00000000d5f00000, 0x00000000d6e80000, 0x0000000100000000)
  eden space 14336K, 99% used [0x00000000d5f00000,0x00000000d6cfeef0,0x00000000d6d00000)
  from space 512K, 56% used [0x00000000d6e00000,0x00000000d6e48000,0x00000000d6e80000)
  to   space 512K, 0% used [0x00000000d6d80000,0x00000000d6d80000,0x00000000d6e00000)
 ParOldGen       total 53760K, used 15312K [0x0000000081c00000, 0x0000000085080000, 0x00000000d5f00000)
  object space 53760K, 28% used [0x0000000081c00000,0x0000000082af4138,0x0000000085080000)
 Metaspace       used 22089K, capacity 22538K, committed 22704K, reserved 1069056K
  class space    used 2540K, capacity 2689K, committed 2816K, reserved 1048576K
Event: 19352.868 GC heap after
Heap after GC invocations=204 (full 7):
 PSYoungGen      total 14848K, used 304K [0x00000000d5f00000, 0x00000000d6e80000, 0x0000000100000000)
  eden space 14336K, 0% used [0x00000000d5f00000,0x00000000d5f00000,0x00000000d6d00000)
  from space 512K, 59% used [0x00000000d6d80000,0x00000000d6dcc010,0x00000000d6e00000)
  to   space 512K, 0% used [0x00000000d6e00000,0x00000000d6e00000,0x00000000d6e80000)
 ParOldGen       total 53760K, used 15432K [0x0000000081c00000, 0x0000000085080000, 0x00000000d5f00000)
  object space 53760K, 28% used [0x0000000081c00000,0x0000000082b12138,0x0000000085080000)
 Metaspace       used 22089K, capacity 22538K, committed 22704K, reserved 1069056K
  class space    used 2540K, capacity 2689K, committed 2816K, reserved 1048576K
}
Event: 19386.853 GC heap before
{Heap before GC invocations=205 (full 7):
 PSYoungGen      total 14848K, used 14640K [0x00000000d5f00000, 0x00000000d6e80000, 0x0000000100000000)
  eden space 14336K, 100% used [0x00000000d5f00000,0x00000000d6d00000,0x00000000d6d00000)
  from space 512K, 59% used [0x00000000d6d80000,0x00000000d6dcc010,0x00000000d6e00000)
  to   space 512K, 0% used [0x00000000d6e00000,0x00000000d6e00000,0x00000000d6e80000)
 ParOldGen       total 53760K, used 15432K [0x0000000081c00000, 0x0000000085080000, 0x00000000d5f00000)
  object space 53760K, 28% used [0x0000000081c00000,0x0000000082b12138,0x0000000085080000)
 Metaspace       used 22091K, capacity 22538K, committed 22704K, reserved 1069056K
  class space    used 2540K, capacity 2689K, committed 2816K, reserved 1048576K
Event: 19386.854 GC heap after
Heap after GC invocations=205 (full 7):
 PSYoungGen      total 14848K, used 224K [0x00000000d5f00000, 0x00000000d6e80000, 0x0000000100000000)
  eden space 14336K, 0% used [0x00000000d5f00000,0x00000000d5f00000,0x00000000d6d00000)
  from space 512K, 43% used [0x00000000d6e00000,0x00000000d6e38000,0x00000000d6e80000)
  to   space 512K, 0% used [0x00000000d6d80000,0x00000000d6d80000,0x00000000d6e00000)
 ParOldGen       total 53760K, used 15576K [0x0000000081c00000, 0x0000000085080000, 0x00000000d5f00000)
  object space 53760K, 28% used [0x0000000081c00000,0x0000000082b36158,0x0000000085080000)
 Metaspace       used 22091K, capacity 22538K, committed 22704K, reserved 1069056K
  class space    used 2540K, capacity 2689K, committed 2816K, reserved 1048576K
}
Event: 19415.925 GC heap before
{Heap before GC invocations=206 (full 7):
 PSYoungGen      total 14848K, used 14556K [0x00000000d5f00000, 0x00000000d6e80000, 0x0000000100000000)
  eden space 14336K, 99% used [0x00000000d5f00000,0x00000000d6cff1f8,0x00000000d6d00000)
  from space 512K, 43% used [0x00000000d6e00000,0x00000000d6e38000,0x00000000d6e80000)
  to   space 512K, 0% used [0x00000000d6d80000,0x00000000d6d80000,0x00000000d6e00000)
 ParOldGen       total 53760K, used 15576K [0x0000000081c00000, 0x0000000085080000, 0x00000000d5f00000)
  object space 53760K, 28% used [0x0000000081c00000,0x0000000082b36158,0x0000000085080000)
 Metaspace       used 22091K, capacity 22538K, committed 22704K, reserved 1069056K
  class space    used 2540K, capacity 2689K, committed 2816K, reserved 1048576K
Event: 19415.928 GC heap after
Heap after GC invocations=206 (full 7):
 PSYoungGen      total 14848K, used 288K [0x00000000d5f00000, 0x00000000d6e80000, 0x0000000100000000)
  eden space 14336K, 0% used [0x00000000d5f00000,0x00000000d5f00000,0x00000000d6d00000)
  from space 512K, 56% used [0x00000000d6d80000,0x00000000d6dc8000,0x00000000d6e00000)
  to   space 512K, 0% used [0x00000000d6e00000,0x00000000d6e00000,0x00000000d6e80000)
 ParOldGen       total 53760K, used 15704K [0x0000000081c00000, 0x0000000085080000, 0x00000000d5f00000)
  object space 53760K, 29% used [0x0000000081c00000,0x0000000082b56158,0x0000000085080000)
 Metaspace       used 22091K, capacity 22538K, committed 22704K, reserved 1069056K
  class space    used 2540K, capacity 2689K, committed 2816K, reserved 1048576K
}
Event: 19465.092 GC heap before
{Heap before GC invocations=207 (full 7):
 PSYoungGen      total 14848K, used 14624K [0x00000000d5f00000, 0x00000000d6e80000, 0x0000000100000000)
  eden space 14336K, 100% used [0x00000000d5f00000,0x00000000d6d00000,0x00000000d6d00000)
  from space 512K, 56% used [0x00000000d6d80000,0x00000000d6dc8000,0x00000000d6e00000)
  to   space 512K, 0% used [0x00000000d6e00000,0x00000000d6e00000,0x00000000d6e80000)
 ParOldGen       total 53760K, used 15704K [0x0000000081c00000, 0x0000000085080000, 0x00000000d5f00000)
  object space 53760K, 29% used [0x0000000081c00000,0x0000000082b56158,0x0000000085080000)
 Metaspace       used 22091K, capacity 22538K, committed 22704K, reserved 1069056K
  class space    used 2540K, capacity 2689K, committed 2816K, reserved 1048576K
Event: 19465.095 GC heap after
Heap after GC invocations=207 (full 7):
 PSYoungGen      total 14848K, used 256K [0x00000000d5f00000, 0x00000000d6e80000, 0x0000000100000000)
  eden space 14336K, 0% used [0x00000000d5f00000,0x00000000d5f00000,0x00000000d6d00000)
  from space 512K, 50% used [0x00000000d6e00000,0x00000000d6e40000,0x00000000d6e80000)
  to   space 512K, 0% used [0x00000000d6d80000,0x00000000d6d80000,0x00000000d6e00000)
 ParOldGen       total 53760K, used 15824K [0x0000000081c00000, 0x0000000085080000, 0x00000000d5f00000)
  object space 53760K, 29% used [0x0000000081c00000,0x0000000082b74158,0x0000000085080000)
 Metaspace       used 22091K, capacity 22538K, committed 22704K, reserved 1069056K
  class space    used 2540K, capacity 2689K, committed 2816K, reserved 1048576K
}
Event: 19493.190 GC heap before
{Heap before GC invocations=208 (full 7):
 PSYoungGen      total 14848K, used 14592K [0x00000000d5f00000, 0x00000000d6e80000, 0x0000000100000000)
  eden space 14336K, 100% used [0x00000000d5f00000,0x00000000d6d00000,0x00000000d6d00000)
  from space 512K, 50% used [0x00000000d6e00000,0x00000000d6e40000,0x00000000d6e80000)
  to   space 512K, 0% used [0x00000000d6d80000,0x00000000d6d80000,0x00000000d6e00000)
 ParOldGen       total 53760K, used 15824K [0x0000000081c00000, 0x0000000085080000, 0x00000000d5f00000)
  object space 53760K, 29% used [0x0000000081c00000,0x0000000082b74158,0x0000000085080000)
 Metaspace       used 22092K, capacity 22538K, committed 22704K, reserved 1069056K
  class space    used 2540K, capacity 2689K, committed 2816K, reserved 1048576K

Deoptimization events (10 events):
Event: 7245.802 Thread 0x00000000190e6000 Uncommon trap: reason=bimorphic action=maybe_recompile pc=0x0000000002a2355c method=java.lang.Throwable.<init>()V @ 24
Event: 7245.802 Thread 0x00000000190e6000 Uncommon trap: reason=unstable_if action=reinterpret pc=0x00000000029d2fd0 method=org.openqa.jetty.http.HttpMessage.recycle(Lorg/openqa/jetty/http/HttpConnection;)V @ 42
Event: 9508.654 Thread 0x0000000018fe6800 Uncommon trap: reason=unstable_if action=reinterpret pc=0x00000000028a9e8c method=java.lang.ref.SoftReference.get()Ljava/lang/Object; @ 6
Event: 9508.655 Thread 0x0000000018fe6800 Uncommon trap: reason=unstable_if action=reinterpret pc=0x000000000302a680 method=java.lang.ref.SoftReference.get()Ljava/lang/Object; @ 6
Event: 13762.311 Thread 0x00000000190e6800 Uncommon trap: reason=unstable_if action=reinterpret pc=0x0000000002da0a88 method=org.openqa.jetty.util.DateCache.format(J)Ljava/lang/String; @ 34
Event: 13762.311 Thread 0x00000000190e6800 Uncommon trap: reason=unstable_if action=reinterpret pc=0x00000000027947a8 method=java.util.GregorianCalendar.computeFields(II)I @ 447
Event: 13762.311 Thread 0x00000000190e6800 Uncommon trap: reason=unstable_if action=reinterpret pc=0x0000000002efe6d8 method=java.text.SimpleDateFormat.zeroPaddingNumber(IIILjava/lang/StringBuffer;)V @ 4
Event: 13851.451 Thread 0x00000000190e6800 Uncommon trap: reason=unstable_if action=reinterpret pc=0x0000000002ce9468 method=java.lang.ref.SoftReference.get()Ljava/lang/Object; @ 6
Event: 13865.347 Thread 0x00000000190e6800 Uncommon trap: reason=unstable_if action=reinterpret pc=0x0000000002593b1c method=java.lang.ref.SoftReference.get()Ljava/lang/Object; @ 6
Event: 15195.638 Thread 0x0000000018fe8000 Uncommon trap: reason=unstable_if action=reinterpret pc=0x0000000002fde958 method=java.lang.ref.SoftReference.get()Ljava/lang/Object; @ 6

Classes redefined (0 events):
No events

Internal exceptions (10 events):
Event: 19468.149 Thread 0x0000000019285000 Exception <a 'java/net/SocketTimeoutException': Read timed out> (0x00000000d5fedba8) thrown at [C:\re\workspace\8-2-build-windows-amd64-cygwin\jdk8u161\10277\hotspot\src\share\vm\prims\jni.cpp, line 735]
Event: 19471.881 Thread 0x00000000190e5000 Exception <a 'java/net/SocketTimeoutException': Accept timed out> (0x00000000d60af758) thrown at [C:\re\workspace\8-2-build-windows-amd64-cygwin\jdk8u161\10277\hotspot\src\share\vm\prims\jni.cpp, line 735]
Event: 19473.157 Thread 0x0000000019285000 Exception <a 'java/net/SocketTimeoutException': Read timed out> (0x00000000d63568d0) thrown at [C:\re\workspace\8-2-build-windows-amd64-cygwin\jdk8u161\10277\hotspot\src\share\vm\prims\jni.cpp, line 735]
Event: 19473.159 Thread 0x0000000019285000 Exception <a 'java/net/SocketTimeoutException': Read timed out> (0x00000000d6356b98) thrown at [C:\re\workspace\8-2-build-windows-amd64-cygwin\jdk8u161\10277\hotspot\src\share\vm\prims\jni.cpp, line 735]
Event: 19478.163 Thread 0x0000000019285000 Exception <a 'java/net/SocketTimeoutException': Read timed out> (0x00000000d684d440) thrown at [C:\re\workspace\8-2-build-windows-amd64-cygwin\jdk8u161\10277\hotspot\src\share\vm\prims\jni.cpp, line 735]
Event: 19478.164 Thread 0x0000000019285000 Exception <a 'java/net/SocketTimeoutException': Read timed out> (0x00000000d684d708) thrown at [C:\re\workspace\8-2-build-windows-amd64-cygwin\jdk8u161\10277\hotspot\src\share\vm\prims\jni.cpp, line 735]
Event: 19483.169 Thread 0x0000000019285000 Exception <a 'java/net/SocketTimeoutException': Read timed out> (0x00000000d69b9728) thrown at [C:\re\workspace\8-2-build-windows-amd64-cygwin\jdk8u161\10277\hotspot\src\share\vm\prims\jni.cpp, line 735]
Event: 19483.170 Thread 0x0000000019285000 Exception <a 'java/net/SocketTimeoutException': Read timed out> (0x00000000d69b99f0) thrown at [C:\re\workspace\8-2-build-windows-amd64-cygwin\jdk8u161\10277\hotspot\src\share\vm\prims\jni.cpp, line 735]
Event: 19488.177 Thread 0x0000000019285000 Exception <a 'java/net/SocketTimeoutException': Read timed out> (0x00000000d6b9eea0) thrown at [C:\re\workspace\8-2-build-windows-amd64-cygwin\jdk8u161\10277\hotspot\src\share\vm\prims\jni.cpp, line 735]
Event: 19488.178 Thread 0x0000000019285000 Exception <a 'java/net/SocketTimeoutException': Read timed out> (0x00000000d6b9f168) thrown at [C:\re\workspace\8-2-build-windows-amd64-cygwin\jdk8u161\10277\hotspot\src\share\vm\prims\jni.cpp, line 735]

Events (10 events):
Event: 19424.367 Executing VM operation: RevokeBias done
Event: 19465.088 Executing VM operation: RevokeBias
Event: 19465.088 Executing VM operation: RevokeBias done
Event: 19465.092 Executing VM operation: ParallelGCFailedAllocation
Event: 19465.095 Executing VM operation: ParallelGCFailedAllocation done
Event: 19471.281 Thread 0x0000000016db3800 Thread added: 0x0000000016db3800
Event: 19472.283 Executing VM operation: RevokeBias
Event: 19472.283 Executing VM operation: RevokeBias done
Event: 19472.283 Thread 0x0000000016db3800 Thread exited: 0x0000000016db3800
Event: 19493.190 Executing VM operation: ParallelGCFailedAllocation


Dynamic libraries:
0x00007ff708660000 - 0x00007ff708697000 	C:\ProgramData\Oracle\Java\javapath\java.exe
0x00007ffa46c60000 - 0x00007ffa46e0d000 	C:\Windows\SYSTEM32\ntdll.dll
0x00007ffa443b0000 - 0x00007ffa444ef000 	C:\Windows\system32\KERNEL32.DLL
0x00007ffa44170000 - 0x00007ffa44285000 	C:\Windows\system32\KERNELBASE.dll
0x00007ffa42a90000 - 0x00007ffa42b1e000 	C:\Windows\system32\apphelp.dll
0x00007ffa1cd30000 - 0x00007ffa1cd85000 	C:\Windows\AppPatch\AppPatch64\AcGenral.DLL
0x00007ffa44300000 - 0x00007ffa443aa000 	C:\Windows\system32\msvcrt.dll
0x00007ffa43e60000 - 0x00007ffa43e8e000 	C:\Windows\system32\SspiCli.dll
0x00007ffa463d0000 - 0x00007ffa46424000 	C:\Windows\system32\SHLWAPI.dll
0x00007ffa45d20000 - 0x00007ffa45e97000 	C:\Windows\system32\USER32.dll
0x00007ffa46ac0000 - 0x00007ffa46c54000 	C:\Windows\system32\ole32.dll
0x00007ffa44550000 - 0x00007ffa45a7b000 	C:\Windows\system32\SHELL32.dll
0x00007ffa43350000 - 0x00007ffa43371000 	C:\Windows\SYSTEM32\USERENV.dll
0x00007ffa46650000 - 0x00007ffa466fa000 	C:\Windows\system32\ADVAPI32.dll
0x00007ffa3c600000 - 0x00007ffa3c61e000 	C:\Windows\SYSTEM32\MPR.dll
0x00007ffa45f10000 - 0x00007ffa46050000 	C:\Windows\system32\RPCRT4.dll
0x00007ffa45cc0000 - 0x00007ffa45d19000 	C:\Windows\SYSTEM32\sechost.dll
0x00007ffa461b0000 - 0x00007ffa463c0000 	C:\Windows\SYSTEM32\combase.dll
0x00007ffa46050000 - 0x00007ffa4619c000 	C:\Windows\system32\GDI32.dll
0x00007ffa43d90000 - 0x00007ffa43da5000 	C:\Windows\SYSTEM32\profapi.dll
0x00007ffa42710000 - 0x00007ffa427c2000 	C:\Windows\SYSTEM32\SHCORE.dll
0x00007ffa45ea0000 - 0x00007ffa45ed6000 	C:\Windows\system32\IMM32.DLL
0x00007ffa46430000 - 0x00007ffa46581000 	C:\Windows\system32\MSCTF.dll
0x00007ffa42290000 - 0x00007ffa4250b000 	C:\Windows\WinSxS\amd64_microsoft.windows.common-controls_6595b64144ccf1df_6.0.9600.19394_none_62486577ecb635cf\COMCTL32.dll
0x0000000060c80000 - 0x0000000060d52000 	C:\Program Files\Java\jre1.8.0_161\bin\msvcr100.dll
0x0000000061290000 - 0x0000000061b2f000 	C:\Program Files\Java\jre1.8.0_161\bin\server\jvm.dll
0x00007ffa3a900000 - 0x00007ffa3a909000 	C:\Windows\SYSTEM32\WSOCK32.dll
0x00007ffa3bb00000 - 0x00007ffa3bb22000 	C:\Windows\SYSTEM32\WINMM.dll
0x00007ffa3d230000 - 0x00007ffa3d23a000 	C:\Windows\SYSTEM32\VERSION.dll
0x00007ffa45ee0000 - 0x00007ffa45ee7000 	C:\Windows\system32\PSAPI.DLL
0x00007ffa444f0000 - 0x00007ffa4454a000 	C:\Windows\system32\WS2_32.dll
0x00007ffa3ba00000 - 0x00007ffa3ba2a000 	C:\Windows\SYSTEM32\WINMMBASE.dll
0x00007ffa461a0000 - 0x00007ffa461a9000 	C:\Windows\system32\NSI.dll
0x00007ffa44120000 - 0x00007ffa4416f000 	C:\Windows\SYSTEM32\cfgmgr32.dll
0x00007ffa41cb0000 - 0x00007ffa41cd8000 	C:\Windows\SYSTEM32\DEVOBJ.dll
0x00000000624c0000 - 0x00000000624cf000 	C:\Program Files\Java\jre1.8.0_161\bin\verify.dll
0x0000000061260000 - 0x0000000061289000 	C:\Program Files\Java\jre1.8.0_161\bin\java.dll
0x0000000060e20000 - 0x0000000060e36000 	C:\Program Files\Java\jre1.8.0_161\bin\zip.dll
0x0000000060dd0000 - 0x0000000060dea000 	C:\Program Files\Java\jre1.8.0_161\bin\net.dll
0x00007ffa435c0000 - 0x00007ffa43619000 	C:\Windows\system32\mswsock.dll
0x00007ffa41180000 - 0x00007ffa411aa000 	C:\Windows\SYSTEM32\IPHLPAPI.DLL
0x00007ffa41140000 - 0x00007ffa4114a000 	C:\Windows\SYSTEM32\WINNSI.DLL
0x00007ffa41060000 - 0x00007ffa41076000 	C:\Windows\SYSTEM32\dhcpcsvc6.DLL
0x00007ffa41020000 - 0x00007ffa4103a000 	C:\Windows\SYSTEM32\dhcpcsvc.DLL
0x0000000060d80000 - 0x0000000060da4000 	C:\Program Files\Java\jre1.8.0_161\bin\sunec.dll
0x0000000060db0000 - 0x0000000060dc1000 	C:\Program Files\Java\jre1.8.0_161\bin\nio.dll
0x00007ffa43620000 - 0x00007ffa43640000 	C:\Windows\SYSTEM32\CRYPTSP.dll
0x00007ffa43240000 - 0x00007ffa43276000 	C:\Windows\system32\rsaenh.dll
0x00007ffa43870000 - 0x00007ffa43896000 	C:\Windows\SYSTEM32\bcrypt.dll
0x00007ffa43b90000 - 0x00007ffa43bf3000 	C:\Windows\system32\bcryptprimitives.dll
0x00007ffa43c00000 - 0x00007ffa43c0b000 	C:\Windows\SYSTEM32\CRYPTBASE.dll
0x00007ffa433c0000 - 0x00007ffa43464000 	C:\Windows\SYSTEM32\DNSAPI.dll
0x0000000063180000 - 0x00000000631a6000 	C:\Program Files\Bonjour\mdnsNSP.dll
0x00007ffa3b190000 - 0x00007ffa3b19a000 	C:\Windows\System32\rasadhlp.dll
0x00007ffa3e430000 - 0x00007ffa3e49b000 	C:\Windows\System32\fwpuclnt.dll
0x00007ffa3b880000 - 0x00007ffa3b895000 	C:\Windows\system32\napinsp.dll
0x00007ffa3b820000 - 0x00007ffa3b83a000 	C:\Windows\system32\pnrpnsp.dll
0x00007ffa41740000 - 0x00007ffa4175b000 	C:\Windows\system32\NLAapi.dll
0x00007ffa3b7c0000 - 0x00007ffa3b7cd000 	C:\Windows\System32\winrnr.dll
0x0000000060a60000 - 0x0000000060bf8000 	C:\Program Files\Java\jre1.8.0_161\bin\awt.dll
0x00007ffa46830000 - 0x00007ffa468f7000 	C:\Windows\system32\OLEAUT32.dll
0x00007ffa42b30000 - 0x00007ffa42c59000 	C:\Windows\system32\uxtheme.dll
0x00007ffa42510000 - 0x00007ffa42531000 	C:\Windows\system32\dwmapi.dll
0x00007ffa42a80000 - 0x00007ffa42a8b000 	C:\Windows\SYSTEM32\kernel.appcore.dll
0x00007ffa1e5c0000 - 0x00007ffa1e6eb000 	C:\Windows\system32\opengl32.dll
0x00007ffa217a0000 - 0x00007ffa217ce000 	C:\Windows\SYSTEM32\GLU32.dll
0x00007ffa1e4c0000 - 0x00007ffa1e5b8000 	C:\Windows\SYSTEM32\DDRAW.dll
0x00007ffa21720000 - 0x00007ffa21729000 	C:\Windows\SYSTEM32\DCIMAN32.dll
0x0000000180000000 - 0x0000000180038000 	D:\Users\Temp\AppData\Local\Temp\jna-2602996\jna808096329756196370.dll
0x00007ffa3b2c0000 - 0x00007ffa3b449000 	C:\Windows\SYSTEM32\dbghelp.dll

VM Arguments:
java_command: selenium-server-standalone-2.53.0.jar -role node -port 5555 -hub http://10.98.0.228:4444/grid/register
java_class_path (initial): selenium-server-standalone-2.53.0.jar
Launcher Type: SUN_STANDARD

Environment Variables:
JAVA_HOME=C:\Program Files\Java\jdk1.8.0_121
PATH=C:\ProgramData\Oracle\Java\javapath;C:\Windows\system32;C:\Windows;C:\Windows\System32\Wbem;C:\Windows\System32\WindowsPowerShell\v1.0\;C:\Program Files (x86)\Skype\Phone\;C:\Program Files\Java\jdk1.8.0_121\bin;C:\Program Files\TortoiseHg\;C:\Program Files\nodejs\;C:\apache-maven-3.5.0\bin;C:\Program Files\nodejs;C:\Program Files\Android\android-sdk-windows\tools;C:\Program Files\Android\android-sdk-windows\platform-tools;C:\Program Files\Android\android-sdk-windows\build-tools\23.0.3;D:\Users\Temp\AppData\Roaming\npm\node_modules\appium\bin;D:\Users\Temp\AppData\Roaming\npm;C:\Program Files (x86)\Microsoft SQL Server\110\Tools\Binn\;C:\Program Files\Microsoft SQL Server\110\Tools\Binn\;C:\Program Files\Microsoft SQL Server\110\DTS\Binn\;C:\Program Files (x86)\Microsoft SQL Server\110\Tools\Binn\ManagementStudio\;C:\Program Files (x86)\Microsoft Visual Studio 10.0\Common7\IDE\PrivateAssemblies\;C:\Program Files (x86)\Microsoft SQL Server\110\DTS\Binn\;D:\Users\Temp\AppData\Roaming\npm;D:\Users\Temp\AppData\Local\atom\bin;D:\Users\Temp\AppData\Local\GitHubDesktop\bin;D:\Dhwani\Git\cmd
USERNAME=Temp
OS=Windows_NT
PROCESSOR_IDENTIFIER=Intel64 Family 6 Model 60 Stepping 3, GenuineIntel



---------------  S Y S T E M  ---------------

OS: Windows 8.1 , 64 bit Build 9600 (6.3.9600.19358)

CPU:total 4 (initial active 4) (4 cores per cpu, 1 threads per core) family 6 model 60 stepping 3, cmov, cx8, fxsr, mmx, sse, sse2, sse3, ssse3, sse4.1, sse4.2, popcnt, avx, avx2, aes, clmul, erms, lzcnt, tsc, tscinvbit, bmi1, bmi2

Memory: 4k page, physical 8273776k(1838468k free), swap 9584496k(2287236k free)

vm_info: Java HotSpot(TM) 64-Bit Server VM (25.161-b12) for windows-amd64 JRE (1.8.0_161-b12), built on Dec 19 2017 17:52:25 by "java_re" with MS VC++ 10.0 (VS2010)

time: Wed Jul 17 15:53:03 2019
elapsed time: 19493 seconds (0d 5h 24m 53s)

